<?xml version="1.0" encoding="UTF-8"?>
<testng-results ignored="0" total="1" passed="1" failed="0" skipped="0">
  <reporter-output>
  </reporter-output>
  <suite started-at="2024-05-31T10:47:32 IST" name="Suite" finished-at="2024-05-31T10:51:31 IST" duration-ms="239595">
    <groups>
    </groups>
    <test started-at="2024-05-31T10:47:32 IST" name="Test" finished-at="2024-05-31T10:51:31 IST" duration-ms="239595">
      <class name="Testcases.Testcase01">
        <test-method is-config="true" signature="OpenApp()[pri:0, instance:Testcases.Testcase01@740cae06]" started-at="2024-05-31T10:47:32 IST" name="OpenApp" finished-at="2024-05-31T10:51:29 IST" duration-ms="237426" status="PASS">
          <reporter-output>
          </reporter-output>
        </test-method> <!-- OpenApp -->
        <test-method signature="RegTest()[pri:0, instance:Testcases.Testcase01@740cae06]" started-at="2024-05-31T10:51:29 IST" name="RegTest" finished-at="2024-05-31T10:51:31 IST" duration-ms="2113" status="PASS">
          <reporter-output>
          </reporter-output>
        </test-method> <!-- RegTest -->
        <test-method is-config="true" signature="closeApp()[pri:0, instance:Testcases.Testcase01@740cae06]" started-at="2024-05-31T10:51:31 IST" name="closeApp" finished-at="2024-05-31T10:51:31 IST" duration-ms="0" status="PASS">
          <reporter-output>
          </reporter-output>
        </test-method> <!-- closeApp -->
      </class> <!-- Testcases.Testcase01 -->
    </test> <!-- Test -->
  </suite> <!-- Suite -->
</testng-results>
